<?xml version="1.0" encoding="UTF-8"?>
<!-- Generated by org.testng.reporters.JUnitXMLReporter -->
<testsuite ignored="0" hostname="LAPTOP-8EFH3UPD" failures="0" tests="4" name="Surefire test" time="4.689" errors="0" timestamp="2024-02-25T19:04:53 PST">
  <testcase classname="api.test.UserTest" name="testPostUser" time="2.673"/>
  <testcase classname="api.test.UserTest" name="testGetUserByName" time="0.465"/>
  <testcase classname="api.test.UserTest" name="testUpdateUser" time="0.869"/>
  <testcase classname="api.test.UserTest" name="testDeleteUser" time="0.41"/>
</testsuite> <!-- Surefire test -->
