<?xml version="1.0" encoding="UTF-8"?>
<!-- Generated by org.testng.reporters.JUnitXMLReporter -->
<testsuite ignored="0" hostname="LAPTOP-8EFH3UPD" failures="0" tests="4" name="Default test" time="4.557" errors="0" timestamp="2024-02-24T17:27:16 PST">
  <testcase classname="api.test.UserTest" name="testPostUser" time="2.387"/>
  <testcase classname="api.test.UserTest" name="testGetUserByName" time="0.522"/>
  <testcase classname="api.test.UserTest" name="testUpdateUser" time="0.886"/>
  <testcase classname="api.test.UserTest" name="testDeleteUser" time="0.415"/>
</testsuite> <!-- Default test -->
