<?xml version="1.0" encoding="UTF-8"?>
<testng-results ignored="0" total="4" passed="4" failed="0" skipped="0">
  <reporter-output>
  </reporter-output>
  <suite started-at="2024-02-25T19:04:48 PST" name="Surefire suite" finished-at="2024-02-25T19:04:53 PST" duration-ms="4689">
    <groups>
    </groups>
    <test started-at="2024-02-25T19:04:48 PST" name="Surefire test" finished-at="2024-02-25T19:04:53 PST" duration-ms="4689">
      <class name="api.test.UserTest">
        <test-method is-config="true" signature="setupData()[pri:0, instance:api.test.UserTest@1e683a3e]" started-at="2024-02-25T19:04:48 PST" name="setupData" finished-at="2024-02-25T19:04:49 PST" duration-ms="228" status="PASS">
          <reporter-output>
          </reporter-output>
        </test-method> <!-- setupData -->
        <test-method signature="testPostUser()[pri:1, instance:api.test.UserTest@1e683a3e]" started-at="2024-02-25T19:04:49 PST" name="testPostUser" finished-at="2024-02-25T19:04:51 PST" duration-ms="2673" status="PASS">
          <reporter-output>
          </reporter-output>
        </test-method> <!-- testPostUser -->
        <test-method signature="testGetUserByName()[pri:2, instance:api.test.UserTest@1e683a3e]" started-at="2024-02-25T19:04:51 PST" name="testGetUserByName" finished-at="2024-02-25T19:04:52 PST" duration-ms="465" status="PASS">
          <reporter-output>
          </reporter-output>
        </test-method> <!-- testGetUserByName -->
        <test-method signature="testUpdateUser()[pri:3, instance:api.test.UserTest@1e683a3e]" started-at="2024-02-25T19:04:52 PST" name="testUpdateUser" finished-at="2024-02-25T19:04:53 PST" duration-ms="869" status="PASS">
          <reporter-output>
          </reporter-output>
        </test-method> <!-- testUpdateUser -->
        <test-method signature="testDeleteUser()[pri:4, instance:api.test.UserTest@1e683a3e]" started-at="2024-02-25T19:04:53 PST" name="testDeleteUser" finished-at="2024-02-25T19:04:53 PST" duration-ms="410" status="PASS">
          <reporter-output>
          </reporter-output>
        </test-method> <!-- testDeleteUser -->
      </class> <!-- api.test.UserTest -->
    </test> <!-- Surefire test -->
  </suite> <!-- Surefire suite -->
</testng-results>
