<?xml version="1.0" encoding="UTF-8"?>
<testng-results ignored="0" total="4" passed="4" failed="0" skipped="0">
  <reporter-output>
  </reporter-output>
  <suite started-at="2024-02-24T17:27:12 PST" name="Default suite" finished-at="2024-02-24T17:27:16 PST" duration-ms="4557">
    <groups>
    </groups>
    <test started-at="2024-02-24T17:27:12 PST" name="Default test" finished-at="2024-02-24T17:27:16 PST" duration-ms="4557">
      <class name="api.test.UserTest">
        <test-method is-config="true" signature="setupData()[pri:0, instance:api.test.UserTest@738dc9b]" started-at="2024-02-24T17:27:12 PST" name="setupData" finished-at="2024-02-24T17:27:12 PST" duration-ms="265" status="PASS">
          <reporter-output>
          </reporter-output>
        </test-method> <!-- setupData -->
        <test-method signature="testPostUser()[pri:1, instance:api.test.UserTest@738dc9b]" started-at="2024-02-24T17:27:12 PST" name="testPostUser" finished-at="2024-02-24T17:27:14 PST" duration-ms="2387" status="PASS">
          <reporter-output>
          </reporter-output>
        </test-method> <!-- testPostUser -->
        <test-method signature="testGetUserByName()[pri:2, instance:api.test.UserTest@738dc9b]" started-at="2024-02-24T17:27:14 PST" name="testGetUserByName" finished-at="2024-02-24T17:27:15 PST" duration-ms="522" status="PASS">
          <reporter-output>
          </reporter-output>
        </test-method> <!-- testGetUserByName -->
        <test-method signature="testUpdateUser()[pri:3, instance:api.test.UserTest@738dc9b]" started-at="2024-02-24T17:27:15 PST" name="testUpdateUser" finished-at="2024-02-24T17:27:16 PST" duration-ms="886" status="PASS">
          <reporter-output>
          </reporter-output>
        </test-method> <!-- testUpdateUser -->
        <test-method signature="testDeleteUser()[pri:4, instance:api.test.UserTest@738dc9b]" started-at="2024-02-24T17:27:16 PST" name="testDeleteUser" finished-at="2024-02-24T17:27:16 PST" duration-ms="415" status="PASS">
          <reporter-output>
          </reporter-output>
        </test-method> <!-- testDeleteUser -->
      </class> <!-- api.test.UserTest -->
    </test> <!-- Default test -->
  </suite> <!-- Default suite -->
</testng-results>
